mysql> source database12.sql
--------------
ALTER TABLE  BIKE  ADD  FOREIGN KEY ( STORE_NO)
REFERENCES   STORE ( STORE_NO )
--------------

Query OK, 2 rows affected (0.05 sec)
Records: 2  Duplicates: 0  Warnings: 0

--------------
SHOW  CREATE TABLE  BIKE
--------------

+-------+------------------------------------------------------------------------------------------------------------------------------------------------------------------------------------------------------------------------------------------------------------------------------------------------------------------------------------------------------------------------------------------------------------------------------------------------------------------------------------------------------------------------------------------------------------------------------------------------+
| Table | Create Table                                                                                                                                                                                                                                                                                                                                                                                                                                                                                                                                                                                   |
+-------+------------------------------------------------------------------------------------------------------------------------------------------------------------------------------------------------------------------------------------------------------------------------------------------------------------------------------------------------------------------------------------------------------------------------------------------------------------------------------------------------------------------------------------------------------------------------------------------------+
| BIKE  | CREATE TABLE `bike` (
  `BIKE_NO` char(5) NOT NULL,
  `BNAME` varchar(50) NOT NULL,
  `BUY_DATE` date NOT NULL,
  `LENGTH` int DEFAULT NULL,
  `HEIGHT` int DEFAULT NULL,
  `WIDTH` int DEFAULT NULL,
  `SEAT_HEIGHT` int DEFAULT NULL,
  `WEIGHT` int DEFAULT NULL,
  `CAPACITY` double(4,1) DEFAULT NULL,
  `DISPLACEMENT` int DEFAULT NULL,
  `STORE_NO` char(3) NOT NULL,
  PRIMARY KEY (`BIKE_NO`),
  KEY `STORE_NO` (`STORE_NO`),
  CONSTRAINT `bike_ibfk_1` FOREIGN KEY (`STORE_NO`) REFERENCES `store` (`store_no`)
) ENGINE=InnoDB DEFAULT CHARSET=utf8mb4 COLLATE=utf8mb4_0900_ai_ci |
+-------+------------------------------------------------------------------------------------------------------------------------------------------------------------------------------------------------------------------------------------------------------------------------------------------------------------------------------------------------------------------------------------------------------------------------------------------------------------------------------------------------------------------------------------------------------------------------------------------------+
1 row in set (0.00 sec)

--------------
ALTER TABLE  EMPLOYEE
ADD  FOREIGN KEY ( JOB_NO ) REFERENCES  JOB ( JOB_NO ),
ADD  FOREIGN KEY ( MGR_NO ) REFERENCES  EMPLOYEE ( EMP_NO )
--------------

Query OK, 18 rows affected (0.04 sec)
Records: 18  Duplicates: 0  Warnings: 0

--------------
SHOW  CREATE TABLE  EMPLOYEE
--------------

+----------+----------------------------------------------------------------------------------------------------------------------------------------------------------------------------------------------------------------------------------------------------------------------------------------------------------------------------------------------------------------------------------------------------------------------------------------------------------------------------------------------------------------------------------------------------------------------------------------------------------------------------------------------------------------------------------------------------------------------------------------------------------------------------------------------------------------------------------------------------------------------------------------------------------------------------+
| Table    | Create Table                                                                                                                                                                                                                                                                                                                                                                                                                                                                                                                                                                                                                                                                                                                                                                                                                                                                                                               |
+----------+----------------------------------------------------------------------------------------------------------------------------------------------------------------------------------------------------------------------------------------------------------------------------------------------------------------------------------------------------------------------------------------------------------------------------------------------------------------------------------------------------------------------------------------------------------------------------------------------------------------------------------------------------------------------------------------------------------------------------------------------------------------------------------------------------------------------------------------------------------------------------------------------------------------------------+
| EMPLOYEE | CREATE TABLE `employee` (
  `EMP_NO` char(5) NOT NULL,
  `ENAME` varchar(20) NOT NULL,
  `BIRTHDAY` date NOT NULL,
  `TEL` varchar(10) NOT NULL,
  `ADDRESS` varchar(100) NOT NULL,
  `HIREDATE` date DEFAULT NULL,
  `JOB_NO` int DEFAULT NULL,
  `RANK_POINT` int NOT NULL,
  `SALARY` int NOT NULL,
  `WORK_STORE` char(3) DEFAULT NULL,
  `MGR_NO` char(5) DEFAULT NULL,
  PRIMARY KEY (`EMP_NO`),
  UNIQUE KEY `TEL` (`TEL`),
  KEY `WORK_STORE` (`WORK_STORE`),
  KEY `JOB_NO` (`JOB_NO`),
  KEY `MGR_NO` (`MGR_NO`),
  CONSTRAINT `employee_ibfk_1` FOREIGN KEY (`WORK_STORE`) REFERENCES `store` (`store_no`),
  CONSTRAINT `employee_ibfk_2` FOREIGN KEY (`JOB_NO`) REFERENCES `job` (`JOB_NO`),
  CONSTRAINT `employee_ibfk_3` FOREIGN KEY (`MGR_NO`) REFERENCES `employee` (`EMP_NO`),
  CONSTRAINT `employee_chk_1` CHECK ((`SALARY` >= 0))
) ENGINE=InnoDB DEFAULT CHARSET=utf8mb4 COLLATE=utf8mb4_0900_ai_ci |
+----------+----------------------------------------------------------------------------------------------------------------------------------------------------------------------------------------------------------------------------------------------------------------------------------------------------------------------------------------------------------------------------------------------------------------------------------------------------------------------------------------------------------------------------------------------------------------------------------------------------------------------------------------------------------------------------------------------------------------------------------------------------------------------------------------------------------------------------------------------------------------------------------------------------------------------------+
1 row in set (0.00 sec)

--------------
ALTER TABLE  RECIPE
ADD  FOREIGN KEY ( PRODUCT_NO )REFERENCES  PRODUCT ( PRODUCT_NO ),
ADD  FOREIGN KEY ( MATERIAL_NO )REFERENCES  MATERIAL ( MATERIAL_NO )
--------------

Query OK, 55 rows affected (0.03 sec)
Records: 55  Duplicates: 0  Warnings: 0

--------------
SHOW  CREATE TABLE  RECIPE
--------------

+--------+-----------------------------------------------------------------------------------------------------------------------------------------------------------------------------------------------------------------------------------------------------------------------------------------------------------------------------------------------------------------------------------------------------------------------------------------------------------------------+
| Table  | Create Table                                                                                                                                                                                                                                                                                                                                                                                                                                                          |
+--------+-----------------------------------------------------------------------------------------------------------------------------------------------------------------------------------------------------------------------------------------------------------------------------------------------------------------------------------------------------------------------------------------------------------------------------------------------------------------------+
| RECIPE | CREATE TABLE `recipe` (
  `product_no` char(4) NOT NULL,
  `material_no` char(5) NOT NULL,
  `QUANTITY` int NOT NULL,
  PRIMARY KEY (`product_no`,`material_no`),
  KEY `material_no` (`material_no`),
  CONSTRAINT `recipe_ibfk_1` FOREIGN KEY (`product_no`) REFERENCES `product` (`product_no`),
  CONSTRAINT `recipe_ibfk_2` FOREIGN KEY (`material_no`) REFERENCES `material` (`material_no`)
) ENGINE=InnoDB DEFAULT CHARSET=utf8mb4 COLLATE=utf8mb4_0900_ai_ci |
+--------+-----------------------------------------------------------------------------------------------------------------------------------------------------------------------------------------------------------------------------------------------------------------------------------------------------------------------------------------------------------------------------------------------------------------------------------------------------------------------+
1 row in set (0.00 sec)

mysql> notee
